<?xml version="1.0" encoding="UTF-8"?>
<testng-results ignored="0" total="1" passed="1" failed="0" skipped="0">
  <reporter-output>
  </reporter-output>
  <suite started-at="2025-12-10T14:30:57 GMT" name="Default suite" finished-at="2025-12-10T14:31:01 GMT" duration-ms="3975">
    <groups>
    </groups>
    <test started-at="2025-12-10T14:30:57 GMT" name="Default test" finished-at="2025-12-10T14:31:01 GMT" duration-ms="3975">
      <class name="com.travel.automation.tests.FlightBookingTest">
        <test-method is-config="true" signature="setUp()[pri:0, instance:com.travel.automation.tests.FlightBookingTest@2f7298b]" started-at="2025-12-10T14:30:57 GMT" name="setUp" finished-at="2025-12-10T14:30:58 GMT" duration-ms="1323" status="PASS">
          <reporter-output>
          </reporter-output>
        </test-method> <!-- setUp -->
        <test-method signature="bookAFlightTest()[pri:0, instance:com.travel.automation.tests.FlightBookingTest@2f7298b]" started-at="2025-12-10T14:30:58 GMT" name="bookAFlightTest" finished-at="2025-12-10T14:31:01 GMT" duration-ms="2497" status="PASS">
          <reporter-output>
          </reporter-output>
        </test-method> <!-- bookAFlightTest -->
        <test-method is-config="true" signature="tearDown()[pri:0, instance:com.travel.automation.tests.FlightBookingTest@2f7298b]" started-at="2025-12-10T14:31:01 GMT" name="tearDown" finished-at="2025-12-10T14:31:01 GMT" duration-ms="122" status="PASS">
          <reporter-output>
          </reporter-output>
        </test-method> <!-- tearDown -->
      </class> <!-- com.travel.automation.tests.FlightBookingTest -->
    </test> <!-- Default test -->
  </suite> <!-- Default suite -->
</testng-results>
